\BOOKMARK [0][-]{chapter.1}{Introduction}{}% 1
\BOOKMARK [1][-]{section.1.1}{Motivation}{chapter.1}% 2
\BOOKMARK [1][-]{section.1.2}{Related Research}{chapter.1}% 3
\BOOKMARK [0][-]{chapter.2}{The Collatz Tree}{}% 4
\BOOKMARK [1][-]{section.2.1}{The Connection between Groups and Graphs}{chapter.2}% 5
\BOOKMARK [1][-]{section.2.2}{Defining the Tree}{chapter.2}% 6
\BOOKMARK [1][-]{section.2.3}{Relationship of successive nodes in HC}{chapter.2}% 7
\BOOKMARK [1][-]{section.2.4}{Relationship of sibling nodes in HC}{chapter.2}% 8
\BOOKMARK [1][-]{section.2.5}{A vertex's n-fold left-child and right-sibling in HC}{chapter.2}% 9
\BOOKMARK [1][-]{section.2.6}{Left-child and right-sibling in the 5x+1 variant of HC}{chapter.2}% 10
\BOOKMARK [1][-]{section.2.7}{A remark about cycles}{chapter.2}% 11
\BOOKMARK [1][-]{section.2.8}{Which variants of HC have non-trivial cycles?}{chapter.2}% 12
\BOOKMARK [1][-]{section.2.9}{Existence of a solitary cycle for k=1}{chapter.2}% 13
\BOOKMARK [1][-]{section.2.10}{Verifying alpha's upper limit for the 1x+1 variant of HC}{chapter.2}% 14
\BOOKMARK [0][-]{chapter.3}{Examination of HC,3}{}% 15
\BOOKMARK [1][-]{section.3.1}{Which sequence is a worst case?}{chapter.3}% 16
\BOOKMARK [1][-]{section.3.2}{The product in the condition for alpha's upper limit}{chapter.3}% 17
\BOOKMARK [0][-]{chapter.4}{Conclusion and Outlook}{}% 18
\BOOKMARK [1][-]{section.4.1}{Summary}{chapter.4}% 19
\BOOKMARK [1][-]{section.4.2}{Further Research}{chapter.4}% 20
\BOOKMARK [0][-]{appendix.A}{Appendix}{}% 21
\BOOKMARK [1][-]{section.A.1}{An alternative proof for alpha's upper limit for HC,1}{appendix.A}% 22
\BOOKMARK [1][-]{section.A.2}{The ascending sequence of odd integers as worst case for HC,3}{appendix.A}% 23
\BOOKMARK [1][-]{section.A.3}{Simplying the product for k=3 inductively}{appendix.A}% 24
\BOOKMARK [1][-]{section.A.4}{Proving the product simplification for k=3 inductively}{appendix.A}% 25
\BOOKMARK [0][-]{section.A.4}{Literature}{}% 26
\BOOKMARK [0][-]{appendix*.3}{About Us}{}% 27
